Apr 05, 2025 10:04:47 PM auth.Auth run
INFO: User{id=7cc1ffbf-d573-46e5-84e4-2ce9e34331cd, name='6', username='6'} - ro'yxatdan o'tdi!
Apr 05, 2025 10:04:47 PM ui.UserUI run
INFO: Tizimga 6 usernameli user kirdi!
Apr 05, 2025 10:05:44 PM auth.Auth run
INFO: 1 - tizimga kirdi!
Apr 05, 2025 10:11:02 PM auth.Auth run
INFO: 1 - tizimga kirdi!
Apr 05, 2025 10:22:14 PM auth.Auth run
INFO: 1 - tizimga kirdi!
Apr 05, 2025 10:49:50 PM auth.Auth run
INFO: 1 - tizimga kirdi!
Apr 05, 2025 10:50:47 PM auth.Auth run
INFO: 1 - tizimga kirdi!
Apr 05, 2025 10:51:09 PM auth.Auth run
INFO: 1 - tizimga kirdi!
Apr 05, 2025 10:51:20 PM auth.Auth run
INFO: 1 - tizimga kirdi!
Apr 05, 2025 10:52:54 PM auth.Auth run
INFO: 1 - tizimga kirdi!
Apr 05, 2025 10:53:05 PM auth.Auth run
INFO: 1 - tizimga kirdi!
Apr 06, 2025 3:18:48 AM auth.Auth run
INFO: 1 - tizimga kirdi!
Apr 06, 2025 3:19:18 AM auth.Auth run
INFO: 1 - tizimga kirdi!
Apr 06, 2025 3:20:15 AM auth.Auth run
INFO: 1 - tizimga kirdi!
Apr 06, 2025 3:21:21 AM auth.Auth run
INFO: 1 - tizimga kirdi!
Apr 06, 2025 3:22:09 AM auth.Auth run
INFO: 1 - tizimga kirdi!
Apr 06, 2025 3:22:57 AM auth.Auth run
INFO: 1 - tizimga kirdi!
Apr 06, 2025 3:24:06 AM auth.Auth run
INFO: 1 - tizimga kirdi!
Apr 06, 2025 3:25:37 AM auth.Auth run
INFO: 1 - tizimga kirdi!
Apr 06, 2025 3:27:32 AM auth.Auth run
INFO: 1 - tizimga kirdi!
Apr 06, 2025 3:28:04 AM auth.Auth run
INFO: 1 - tizimga kirdi!
Apr 06, 2025 3:29:17 AM auth.Auth run
INFO: User{id=53be53ef-1ea8-4ffb-a283-21666f6adbd4, name='123', username='123'} - ro'yxatdan o'tdi!
Apr 06, 2025 3:31:01 AM auth.Auth run
INFO: 123 - tizimga kirdi!
Apr 06, 2025 3:31:50 AM auth.Auth run
INFO: 123 - tizimga kirdi!
Apr 06, 2025 3:33:50 AM auth.Auth run
INFO: 123 - tizimga kirdi!
